-------------------------------------------------------------------------------
Test set: testrunners.MyTestRunner
-------------------------------------------------------------------------------
Tests run: 1, Failures: 1, Errors: 0, Skipped: 0, Time elapsed: 108.94 s <<< FAILURE! - in testrunners.MyTestRunner
null on testrunners.MyTestRunner(testrunners.MyTestRunner)  Time elapsed: 108.872 s  <<< FAILURE!
java.lang.NoSuchMethodError: org.apache.pdfbox.pdmodel.interactive.annotation.PDAnnotation.constructAppearances()V

